----------------------------------------------------------------
Wed Feb 01 15:50:34 CET 2017:
Booting Derby version The Apache Software Foundation - Apache Derby - 10.13.1.1 - (1765088): instance a816c00e-0159-fa27-df54-00000d4da198 
on database directory /Users/Ricky/Documents/Uni/IntroduzioneProgrammazioneWeb/Foodie/FoodieDB with class loader ParallelWebappClassLoader
  context: ROOT
  delegate: false
----------> Parent Classloader:
java.net.URLClassLoader@108c4c35
 
Loaded from file:/Users/Ricky/Documents/Uni/IntroduzioneProgrammazioneWeb/Foodie/out/artifacts/foodie_war_exploded/WEB-INF/lib/derby.jar
java.vendor=Oracle Corporation
java.runtime.version=1.8.0_66-b17
user.dir=/Users/Ricky/Documents/Uni/IntroduzioneProgrammazioneWeb/Foodie/apache-tomcat-8.5.5/bin
os.name=Mac OS X
os.arch=x86_64
os.version=10.12.2
derby.system.home=null
Database Class Loader started - derby.database.classpath=''
----------------------------------------------------------------
Wed Feb 01 17:27:20 CET 2017: Shutting down Derby engine
----------------------------------------------------------------
Wed Feb 01 17:27:20 CET 2017:
Shutting down instance a816c00e-0159-fa27-df54-00000d4da198 on database directory /Users/Ricky/Documents/Uni/IntroduzioneProgrammazioneWeb/Foodie/FoodieDB with class loader ParallelWebappClassLoader
  context: ROOT
  delegate: false
----------> Parent Classloader:
java.net.URLClassLoader@108c4c35
 
----------------------------------------------------------------
